therion 5.3.16
initialization file: /etc/therion.ini
reading ... done
configuration file: thconfig
reading ... done
reading source files ... done
preprocessing database ... done
scanning centreline tree ... done
searching for centerline loops ... done
calculating station coordinates ... done
processing survey data ... 
####################### cavern log file ########################
 1> Survex 1.2.26
 2> Copyright © 1990-2016 Olly Betts
 3> La topografia non ha punti fissi. Quindi 1 é stata fissata a (0,0,0)
 4> 
 5> La topografia contiene 54 stazioni, unite per 53 battute.
 6> C’é una poligonale chiusa.
 7> La topografia contiene 2 componenti connesse.
 8> Sviluppo spaziale =  145.13m ( 145.13m corretto)
 9> Sviluppo planimetrico =  113.61m
10> Totale delle componenti verticali delle battute =   47.70m
11> Dislivello totale = 38.34m (da 1 a 0.00m a 53 a -38.34m)
12> Estensione Nord-Sud = 77.91m (da 53 a 67.07m a 54 a -10.84m)
13> Estensione Est-Ovest = 7.79m (da 50 a 4.17m a 54 a -3.61m)
14>   27 1-nodi.
15>   18 2-nodi.
16>    1 3-nodo.
17>    1 4-nodo.
18>    6 5-nodi.
19>    1 6-nodo.
20> 
######################### transcription ########################
 3> 1 : 0@monteroberto_cunicolo
 5> 54 : -@monteroberto_cunicolo -- 53 : 27@monteroberto_cunicolo
 7> 2 : -@monteroberto_cunicolo
11> 1 : 0@monteroberto_cunicolo -- 53 : 27@monteroberto_cunicolo
12> 53 : 27@monteroberto_cunicolo -- 54 : -@monteroberto_cunicolo
13> 50 : 24@monteroberto_cunicolo -- 54 : -@monteroberto_cunicolo
14> 27 : -@monteroberto_cunicolo
15> 18 : -@monteroberto_cunicolo
16> 1 : 0@monteroberto_cunicolo
17> 1 : 0@monteroberto_cunicolo
18> 6 : -@monteroberto_cunicolo
19> 1 : 0@monteroberto_cunicolo
#################### end of cavern log file ####################
done
calculating basic statistics ... done
processing extended elevation ... done
processing references ... done
selecting export objects ... done
processing projection plan ... done
writing monte roberto.th-pianta.pdf ...
####################### metapost log file ########################
This is MetaPost, version 1.999 (TeX Live 2015/Debian) (kpathsea version 6.2.1)  10 NOV 2016 23:54
**data.mp
(/usr/share/texlive/texmf-dist/metapost/base/mpost.mp
(/usr/share/texlive/texmf-dist/metapost/base/plain.mp
Preloading the plain mem file, version 1.005) ) (./data.mp [4001] [4002] [4003]
[4004] [4005] [4006] [4007] [4008] [4009] [4010] [4011] [4012]
[1] [2] [3] (./mptextmp.mp) [4] )
 
Here is how much of MetaPost's memory you used:
 4079 strings using 110547 characters
 2731480 bytes of node memory
 1402 symbolic tokens
 8i,81n,16p,202b,5f stack positions out of 16i,96n,20p,250b,6f
16 output files written: data.1 .. data.4012


#################### end of metapost log file ####################
converting scraps ... done
making map ... done
######################## pdftex log file #########################
This is pdfTeX, Version 3.14159265-2.6-1.40.16 (TeX Live 2015/Debian) (preloaded format=pdfetex 2016.7.20)  10 NOV 2016 23:54
entering extended mode
 restricted \write18 enabled.
 %&-line parsing enabled.
**data.tex
(./data.tex (./th_enc.tex) (./th_texts.tex) (./th_resources.tex
(/usr/share/texlive/texmf-dist/tex/generic/pdftex/glyphtounicode.tex))
(./th_fontdef.tex{/var/lib/texmf/fonts/map/pdftex/updmap/pdftex.map})
(./th_formdef.tex) (./th_pagedef.tex) (./th_pages.tex)
 51 numeric registers used out of 32768
 [1] ) 
Here is how much of TeX's memory you used:
 240 strings out of 497107
 2503 string characters out of 6206799
 31918 words of memory out of 5000000
 1467 multiletter control sequences out of 15000+600000
 15455 words of font info for 52 fonts, out of 8000000 for 9000
 14 hyphenation exceptions out of 8191
 9i,5n,8p,238b,54s stack positions out of 5000i,500n,10000p,200000b,80000s
</usr/share/texlive/texmf-dist/fonts/type1/public/amsfonts/cm/cmss10.pfb>
</usr/share/texlive/texmf-dist/fonts/type1/public/amsfonts/cm/cmssi10.pfb>
Output written on data.pdf (1 page, 30042 bytes).
PDF statistics:
 38 PDF objects out of 1000 (max. 8388607)
 23 compressed objects within 1 object stream
 0 named destinations out of 1000 (max. 500000)
 67 words of extra memory for PDF output out of 10000 (max. 10000000)


##################### end of pdftex log file #####################
done
therion: warning -- data not georeferenced -- unable to export KML file
writing monte roberto.th.lox ... done
writing monte roberto.th.dxf ... done
writing monte roberto.th.3d ... done
compilation time: 0 sec
